<?xml version="1.0" encoding="UTF-8"?>
<!-- Generated by org.testng.reporters.JUnitReportReporter -->
<testsuite hostname="LIN65004263" failures="0" tests="1" name="demopage.AddToCart" time="100.827" errors="0" timestamp="2023-02-10T18:12:47 IST" skipped="0">
  <testcase classname="demopage.AddToCart" name="addtocart" time="100.827"/>
  <system-out/>
</testsuite> <!-- demopage.AddToCart -->
